[14-Apr-2018 14:26:09 UTC] PHP Fatal error:  Trait 'Illuminate\Foundation\Auth\RegistersUsers' not found in /var/www/html/app/Http/Controllers/Auth/RegisterController.php on line 28
[14-Apr-2018 14:26:09 UTC] PHP Stack trace:
[14-Apr-2018 14:26:09 UTC] PHP   1. {main}() /var/www/html/public/index.php:0
[14-Apr-2018 14:26:09 UTC] PHP   2. App\Http\Kernel->handle() /var/www/html/public/index.php:55
[14-Apr-2018 14:26:09 UTC] PHP   3. App\Http\Kernel->sendRequestThroughRouter() /var/www/html/vendor/laravel/framework/src/Illuminate/Foundation/Http/Kernel.php:116
[14-Apr-2018 14:26:09 UTC] PHP   4. Illuminate\Routing\Pipeline->then() /var/www/html/vendor/laravel/framework/src/Illuminate/Foundation/Http/Kernel.php:151
[14-Apr-2018 14:26:09 UTC] PHP   5. Illuminate\Routing\Pipeline->Illuminate\Routing\{closure}() /var/www/html/vendor/laravel/framework/src/Illuminate/Pipeline/Pipeline.php:102
[14-Apr-2018 14:26:09 UTC] PHP   6. Illuminate\Routing\Pipeline->Illuminate\Pipeline\{closure}() /var/www/html/vendor/laravel/framework/src/Illuminate/Routing/Pipeline.php:53
[14-Apr-2018 14:26:09 UTC] PHP   7. Illuminate\Foundation\Http\Middleware\CheckForMaintenanceMode->handle() /var/www/html/vendor/laravel/framework/src/Illuminate/Pipeline/Pipeline.php:149
[14-Apr-2018 14:26:09 UTC] PHP   8. Illuminate\Routing\Pipeline->Illuminate\Routing\{closure}() /var/www/html/vendor/laravel/framework/src/Illuminate/Foundation/Http/Middleware/CheckForMaintenanceMode.php:46
[14-Apr-2018 14:26:09 UTC] PHP   9. Illuminate\Routing\Pipeline->Illuminate\Pipeline\{closure}() /var/www/html/vendor/laravel/framework/src/Illuminate/Routing/Pipeline.php:53
[14-Apr-2018 14:26:09 UTC] PHP  10. Illuminate\Foundation\Http\Middleware\ValidatePostSize->handle() /var/www/html/vendor/laravel/framework/src/Illuminate/Pipeline/Pipeline.php:149
[14-Apr-2018 14:26:09 UTC] PHP  11. Illuminate\Routing\Pipeline->Illuminate\Routing\{closure}() /var/www/html/vendor/laravel/framework/src/Illuminate/Foundation/Http/Middleware/ValidatePostSize.php:27
[14-Apr-2018 14:26:09 UTC] PHP  12. Illuminate\Routing\Pipeline->Illuminate\Pipeline\{closure}() /var/www/html/vendor/laravel/framework/src/Illuminate/Routing/Pipeline.php:53
[14-Apr-2018 14:26:09 UTC] PHP  13. App\Http\Middleware\TrimStrings->handle() /var/www/html/vendor/laravel/framework/src/Illuminate/Pipeline/Pipeline.php:149
[14-Apr-2018 14:26:09 UTC] PHP  14. Illuminate\Routing\Pipeline->Illuminate\Routing\{closure}() /var/www/html/vendor/laravel/framework/src/Illuminate/Foundation/Http/Middleware/TransformsRequest.php:30
[14-Apr-2018 14:26:09 UTC] PHP  15. Illuminate\Routing\Pipeline->Illuminate\Pipeline\{closure}() /var/www/html/vendor/laravel/framework/src/Illuminate/Routing/Pipeline.php:53
[14-Apr-2018 14:26:09 UTC] PHP  16. Illuminate\Foundation\Http\Middleware\ConvertEmptyStringsToNull->handle() /var/www/html/vendor/laravel/framework/src/Illuminate/Pipeline/Pipeline.php:149
[14-Apr-2018 14:26:09 UTC] PHP  17. Illuminate\Routing\Pipeline->Illuminate\Routing\{closure}() /var/www/html/vendor/laravel/framework/src/Illuminate/Foundation/Http/Middleware/TransformsRequest.php:30
[14-Apr-2018 14:26:09 UTC] PHP  18. Illuminate\Routing\Pipeline->Illuminate\Pipeline\{closure}() /var/www/html/vendor/laravel/framework/src/Illuminate/Routing/Pipeline.php:53
[14-Apr-2018 14:26:09 UTC] PHP  19. App\Http\Middleware\TrustProxies->handle() /var/www/html/vendor/laravel/framework/src/Illuminate/Pipeline/Pipeline.php:149
[14-Apr-2018 14:26:09 UTC] PHP  20. Illuminate\Routing\Pipeline->Illuminate\Routing\{closure}() /var/www/html/vendor/fideloper/proxy/src/TrustProxies.php:57
[14-Apr-2018 14:26:09 UTC] PHP  21. App\Http\Kernel->Illuminate\Foundation\Http\{closure}() /var/www/html/vendor/laravel/framework/src/Illuminate/Routing/Pipeline.php:30
[14-Apr-2018 14:26:09 UTC] PHP  22. Illuminate\Routing\Router->dispatch() /var/www/html/vendor/laravel/framework/src/Illuminate/Foundation/Http/Kernel.php:176
[14-Apr-2018 14:26:09 UTC] PHP  23. Illuminate\Routing\Router->dispatchToRoute() /var/www/html/vendor/laravel/framework/src/Illuminate/Routing/Router.php:591
[14-Apr-2018 14:26:09 UTC] PHP  24. Illuminate\Routing\Router->runRoute() /var/www/html/vendor/laravel/framework/src/Illuminate/Routing/Router.php:602
[14-Apr-2018 14:26:09 UTC] PHP  25. Illuminate\Routing\Router->runRouteWithinStack() /var/www/html/vendor/laravel/framework/src/Illuminate/Routing/Router.php:636
[14-Apr-2018 14:26:09 UTC] PHP  26. Illuminate\Routing\Router->gatherRouteMiddleware() /var/www/html/vendor/laravel/framework/src/Illuminate/Routing/Router.php:652
[14-Apr-2018 14:26:09 UTC] PHP  27. Illuminate\Routing\Route->gatherMiddleware() /var/www/html/vendor/laravel/framework/src/Illuminate/Routing/Router.php:672
[14-Apr-2018 14:26:09 UTC] PHP  28. Illuminate\Routing\Route->controllerMiddleware() /var/www/html/vendor/laravel/framework/src/Illuminate/Routing/Route.php:757
[14-Apr-2018 14:26:09 UTC] PHP  29. Illuminate\Routing\Route->getController() /var/www/html/vendor/laravel/framework/src/Illuminate/Routing/Route.php:796
[14-Apr-2018 14:26:09 UTC] PHP  30. Illuminate\Foundation\Application->make() /var/www/html/vendor/laravel/framework/src/Illuminate/Routing/Route.php:226
[14-Apr-2018 14:26:09 UTC] PHP  31. Illuminate\Foundation\Application->make() /var/www/html/vendor/laravel/framework/src/Illuminate/Foundation/Application.php:734
[14-Apr-2018 14:26:09 UTC] PHP  32. Illuminate\Foundation\Application->resolve() /var/www/html/vendor/laravel/framework/src/Illuminate/Container/Container.php:601
[14-Apr-2018 14:26:09 UTC] PHP  33. Illuminate\Foundation\Application->build() /var/www/html/vendor/laravel/framework/src/Illuminate/Container/Container.php:646
[14-Apr-2018 14:26:09 UTC] PHP  34. ReflectionClass->__construct() /var/www/html/vendor/laravel/framework/src/Illuminate/Container/Container.php:767
[14-Apr-2018 14:26:09 UTC] PHP  35. spl_autoload_call() /var/www/html/vendor/laravel/framework/src/Illuminate/Container/Container.php:767
[14-Apr-2018 14:26:09 UTC] PHP  36. Composer\Autoload\ClassLoader->loadClass() /var/www/html/vendor/laravel/framework/src/Illuminate/Container/Container.php:767
[14-Apr-2018 14:26:09 UTC] PHP  37. Composer\Autoload\includeFile() /var/www/html/vendor/composer/ClassLoader.php:322
[14-Apr-2018 14:26:09 UTC] PHP  38. include() /var/www/html/vendor/composer/ClassLoader.php:444
[14-Apr-2018 14:27:08 UTC] PHP Fatal error:  Trait 'Illuminate\Foundation\Auth\RegistersUsers' not found in /var/www/html/app/Http/Controllers/Auth/RegisterController.php on line 28
[14-Apr-2018 14:27:08 UTC] PHP Stack trace:
[14-Apr-2018 14:27:08 UTC] PHP   1. {main}() /var/www/html/public/index.php:0
[14-Apr-2018 14:27:08 UTC] PHP   2. App\Http\Kernel->handle() /var/www/html/public/index.php:55
[14-Apr-2018 14:27:08 UTC] PHP   3. App\Http\Kernel->sendRequestThroughRouter() /var/www/html/vendor/laravel/framework/src/Illuminate/Foundation/Http/Kernel.php:116
[14-Apr-2018 14:27:08 UTC] PHP   4. Illuminate\Routing\Pipeline->then() /var/www/html/vendor/laravel/framework/src/Illuminate/Foundation/Http/Kernel.php:151
[14-Apr-2018 14:27:08 UTC] PHP   5. Illuminate\Routing\Pipeline->Illuminate\Routing\{closure}() /var/www/html/vendor/laravel/framework/src/Illuminate/Pipeline/Pipeline.php:102
[14-Apr-2018 14:27:08 UTC] PHP   6. Illuminate\Routing\Pipeline->Illuminate\Pipeline\{closure}() /var/www/html/vendor/laravel/framework/src/Illuminate/Routing/Pipeline.php:53
[14-Apr-2018 14:27:08 UTC] PHP   7. Illuminate\Foundation\Http\Middleware\CheckForMaintenanceMode->handle() /var/www/html/vendor/laravel/framework/src/Illuminate/Pipeline/Pipeline.php:149
[14-Apr-2018 14:27:08 UTC] PHP   8. Illuminate\Routing\Pipeline->Illuminate\Routing\{closure}() /var/www/html/vendor/laravel/framework/src/Illuminate/Foundation/Http/Middleware/CheckForMaintenanceMode.php:46
[14-Apr-2018 14:27:08 UTC] PHP   9. Illuminate\Routing\Pipeline->Illuminate\Pipeline\{closure}() /var/www/html/vendor/laravel/framework/src/Illuminate/Routing/Pipeline.php:53
[14-Apr-2018 14:27:08 UTC] PHP  10. Illuminate\Foundation\Http\Middleware\ValidatePostSize->handle() /var/www/html/vendor/laravel/framework/src/Illuminate/Pipeline/Pipeline.php:149
[14-Apr-2018 14:27:08 UTC] PHP  11. Illuminate\Routing\Pipeline->Illuminate\Routing\{closure}() /var/www/html/vendor/laravel/framework/src/Illuminate/Foundation/Http/Middleware/ValidatePostSize.php:27
[14-Apr-2018 14:27:08 UTC] PHP  12. Illuminate\Routing\Pipeline->Illuminate\Pipeline\{closure}() /var/www/html/vendor/laravel/framework/src/Illuminate/Routing/Pipeline.php:53
[14-Apr-2018 14:27:08 UTC] PHP  13. App\Http\Middleware\TrimStrings->handle() /var/www/html/vendor/laravel/framework/src/Illuminate/Pipeline/Pipeline.php:149
[14-Apr-2018 14:27:08 UTC] PHP  14. Illuminate\Routing\Pipeline->Illuminate\Routing\{closure}() /var/www/html/vendor/laravel/framework/src/Illuminate/Foundation/Http/Middleware/TransformsRequest.php:30
[14-Apr-2018 14:27:08 UTC] PHP  15. Illuminate\Routing\Pipeline->Illuminate\Pipeline\{closure}() /var/www/html/vendor/laravel/framework/src/Illuminate/Routing/Pipeline.php:53
[14-Apr-2018 14:27:08 UTC] PHP  16. Illuminate\Foundation\Http\Middleware\ConvertEmptyStringsToNull->handle() /var/www/html/vendor/laravel/framework/src/Illuminate/Pipeline/Pipeline.php:149
[14-Apr-2018 14:27:08 UTC] PHP  17. Illuminate\Routing\Pipeline->Illuminate\Routing\{closure}() /var/www/html/vendor/laravel/framework/src/Illuminate/Foundation/Http/Middleware/TransformsRequest.php:30
[14-Apr-2018 14:27:08 UTC] PHP  18. Illuminate\Routing\Pipeline->Illuminate\Pipeline\{closure}() /var/www/html/vendor/laravel/framework/src/Illuminate/Routing/Pipeline.php:53
[14-Apr-2018 14:27:08 UTC] PHP  19. App\Http\Middleware\TrustProxies->handle() /var/www/html/vendor/laravel/framework/src/Illuminate/Pipeline/Pipeline.php:149
[14-Apr-2018 14:27:08 UTC] PHP  20. Illuminate\Routing\Pipeline->Illuminate\Routing\{closure}() /var/www/html/vendor/fideloper/proxy/src/TrustProxies.php:57
[14-Apr-2018 14:27:08 UTC] PHP  21. App\Http\Kernel->Illuminate\Foundation\Http\{closure}() /var/www/html/vendor/laravel/framework/src/Illuminate/Routing/Pipeline.php:30
[14-Apr-2018 14:27:08 UTC] PHP  22. Illuminate\Routing\Router->dispatch() /var/www/html/vendor/laravel/framework/src/Illuminate/Foundation/Http/Kernel.php:176
[14-Apr-2018 14:27:08 UTC] PHP  23. Illuminate\Routing\Router->dispatchToRoute() /var/www/html/vendor/laravel/framework/src/Illuminate/Routing/Router.php:591
[14-Apr-2018 14:27:08 UTC] PHP  24. Illuminate\Routing\Router->runRoute() /var/www/html/vendor/laravel/framework/src/Illuminate/Routing/Router.php:602
[14-Apr-2018 14:27:08 UTC] PHP  25. Illuminate\Routing\Router->runRouteWithinStack() /var/www/html/vendor/laravel/framework/src/Illuminate/Routing/Router.php:636
[14-Apr-2018 14:27:08 UTC] PHP  26. Illuminate\Routing\Router->gatherRouteMiddleware() /var/www/html/vendor/laravel/framework/src/Illuminate/Routing/Router.php:652
[14-Apr-2018 14:27:08 UTC] PHP  27. Illuminate\Routing\Route->gatherMiddleware() /var/www/html/vendor/laravel/framework/src/Illuminate/Routing/Router.php:672
[14-Apr-2018 14:27:08 UTC] PHP  28. Illuminate\Routing\Route->controllerMiddleware() /var/www/html/vendor/laravel/framework/src/Illuminate/Routing/Route.php:757
[14-Apr-2018 14:27:08 UTC] PHP  29. Illuminate\Routing\Route->getController() /var/www/html/vendor/laravel/framework/src/Illuminate/Routing/Route.php:796
[14-Apr-2018 14:27:08 UTC] PHP  30. Illuminate\Foundation\Application->make() /var/www/html/vendor/laravel/framework/src/Illuminate/Routing/Route.php:226
[14-Apr-2018 14:27:08 UTC] PHP  31. Illuminate\Foundation\Application->make() /var/www/html/vendor/laravel/framework/src/Illuminate/Foundation/Application.php:734
[14-Apr-2018 14:27:08 UTC] PHP  32. Illuminate\Foundation\Application->resolve() /var/www/html/vendor/laravel/framework/src/Illuminate/Container/Container.php:601
[14-Apr-2018 14:27:08 UTC] PHP  33. Illuminate\Foundation\Application->build() /var/www/html/vendor/laravel/framework/src/Illuminate/Container/Container.php:646
[14-Apr-2018 14:27:08 UTC] PHP  34. ReflectionClass->__construct() /var/www/html/vendor/laravel/framework/src/Illuminate/Container/Container.php:767
[14-Apr-2018 14:27:08 UTC] PHP  35. spl_autoload_call() /var/www/html/vendor/laravel/framework/src/Illuminate/Container/Container.php:767
[14-Apr-2018 14:27:08 UTC] PHP  36. Composer\Autoload\ClassLoader->loadClass() /var/www/html/vendor/laravel/framework/src/Illuminate/Container/Container.php:767
[14-Apr-2018 14:27:08 UTC] PHP  37. Composer\Autoload\includeFile() /var/www/html/vendor/composer/ClassLoader.php:322
[14-Apr-2018 14:27:08 UTC] PHP  38. include() /var/www/html/vendor/composer/ClassLoader.php:444
[14-Apr-2018 14:28:10 UTC] PHP Fatal error:  Trait 'Illuminate\Foundation\Auth\RegistersUsers' not found in /var/www/html/app/Http/Controllers/Auth/RegisterController.php on line 28
[14-Apr-2018 14:28:10 UTC] PHP Stack trace:
[14-Apr-2018 14:28:10 UTC] PHP   1. {main}() /var/www/html/public/index.php:0
[14-Apr-2018 14:28:10 UTC] PHP   2. App\Http\Kernel->handle() /var/www/html/public/index.php:55
[14-Apr-2018 14:28:10 UTC] PHP   3. App\Http\Kernel->sendRequestThroughRouter() /var/www/html/vendor/laravel/framework/src/Illuminate/Foundation/Http/Kernel.php:116
[14-Apr-2018 14:28:10 UTC] PHP   4. Illuminate\Routing\Pipeline->then() /var/www/html/vendor/laravel/framework/src/Illuminate/Foundation/Http/Kernel.php:151
[14-Apr-2018 14:28:10 UTC] PHP   5. Illuminate\Routing\Pipeline->Illuminate\Routing\{closure}() /var/www/html/vendor/laravel/framework/src/Illuminate/Pipeline/Pipeline.php:102
[14-Apr-2018 14:28:10 UTC] PHP   6. Illuminate\Routing\Pipeline->Illuminate\Pipeline\{closure}() /var/www/html/vendor/laravel/framework/src/Illuminate/Routing/Pipeline.php:53
[14-Apr-2018 14:28:10 UTC] PHP   7. Illuminate\Foundation\Http\Middleware\CheckForMaintenanceMode->handle() /var/www/html/vendor/laravel/framework/src/Illuminate/Pipeline/Pipeline.php:149
[14-Apr-2018 14:28:10 UTC] PHP   8. Illuminate\Routing\Pipeline->Illuminate\Routing\{closure}() /var/www/html/vendor/laravel/framework/src/Illuminate/Foundation/Http/Middleware/CheckForMaintenanceMode.php:46
[14-Apr-2018 14:28:10 UTC] PHP   9. Illuminate\Routing\Pipeline->Illuminate\Pipeline\{closure}() /var/www/html/vendor/laravel/framework/src/Illuminate/Routing/Pipeline.php:53
[14-Apr-2018 14:28:10 UTC] PHP  10. Illuminate\Foundation\Http\Middleware\ValidatePostSize->handle() /var/www/html/vendor/laravel/framework/src/Illuminate/Pipeline/Pipeline.php:149
[14-Apr-2018 14:28:10 UTC] PHP  11. Illuminate\Routing\Pipeline->Illuminate\Routing\{closure}() /var/www/html/vendor/laravel/framework/src/Illuminate/Foundation/Http/Middleware/ValidatePostSize.php:27
[14-Apr-2018 14:28:10 UTC] PHP  12. Illuminate\Routing\Pipeline->Illuminate\Pipeline\{closure}() /var/www/html/vendor/laravel/framework/src/Illuminate/Routing/Pipeline.php:53
[14-Apr-2018 14:28:10 UTC] PHP  13. App\Http\Middleware\TrimStrings->handle() /var/www/html/vendor/laravel/framework/src/Illuminate/Pipeline/Pipeline.php:149
[14-Apr-2018 14:28:10 UTC] PHP  14. Illuminate\Routing\Pipeline->Illuminate\Routing\{closure}() /var/www/html/vendor/laravel/framework/src/Illuminate/Foundation/Http/Middleware/TransformsRequest.php:30
[14-Apr-2018 14:28:10 UTC] PHP  15. Illuminate\Routing\Pipeline->Illuminate\Pipeline\{closure}() /var/www/html/vendor/laravel/framework/src/Illuminate/Routing/Pipeline.php:53
[14-Apr-2018 14:28:10 UTC] PHP  16. Illuminate\Foundation\Http\Middleware\ConvertEmptyStringsToNull->handle() /var/www/html/vendor/laravel/framework/src/Illuminate/Pipeline/Pipeline.php:149
[14-Apr-2018 14:28:10 UTC] PHP  17. Illuminate\Routing\Pipeline->Illuminate\Routing\{closure}() /var/www/html/vendor/laravel/framework/src/Illuminate/Foundation/Http/Middleware/TransformsRequest.php:30
[14-Apr-2018 14:28:10 UTC] PHP  18. Illuminate\Routing\Pipeline->Illuminate\Pipeline\{closure}() /var/www/html/vendor/laravel/framework/src/Illuminate/Routing/Pipeline.php:53
[14-Apr-2018 14:28:10 UTC] PHP  19. App\Http\Middleware\TrustProxies->handle() /var/www/html/vendor/laravel/framework/src/Illuminate/Pipeline/Pipeline.php:149
[14-Apr-2018 14:28:10 UTC] PHP  20. Illuminate\Routing\Pipeline->Illuminate\Routing\{closure}() /var/www/html/vendor/fideloper/proxy/src/TrustProxies.php:57
[14-Apr-2018 14:28:10 UTC] PHP  21. App\Http\Kernel->Illuminate\Foundation\Http\{closure}() /var/www/html/vendor/laravel/framework/src/Illuminate/Routing/Pipeline.php:30
[14-Apr-2018 14:28:10 UTC] PHP  22. Illuminate\Routing\Router->dispatch() /var/www/html/vendor/laravel/framework/src/Illuminate/Foundation/Http/Kernel.php:176
[14-Apr-2018 14:28:10 UTC] PHP  23. Illuminate\Routing\Router->dispatchToRoute() /var/www/html/vendor/laravel/framework/src/Illuminate/Routing/Router.php:591
[14-Apr-2018 14:28:10 UTC] PHP  24. Illuminate\Routing\Router->runRoute() /var/www/html/vendor/laravel/framework/src/Illuminate/Routing/Router.php:602
[14-Apr-2018 14:28:10 UTC] PHP  25. Illuminate\Routing\Router->runRouteWithinStack() /var/www/html/vendor/laravel/framework/src/Illuminate/Routing/Router.php:636
[14-Apr-2018 14:28:10 UTC] PHP  26. Illuminate\Routing\Router->gatherRouteMiddleware() /var/www/html/vendor/laravel/framework/src/Illuminate/Routing/Router.php:652
[14-Apr-2018 14:28:10 UTC] PHP  27. Illuminate\Routing\Route->gatherMiddleware() /var/www/html/vendor/laravel/framework/src/Illuminate/Routing/Router.php:672
[14-Apr-2018 14:28:10 UTC] PHP  28. Illuminate\Routing\Route->controllerMiddleware() /var/www/html/vendor/laravel/framework/src/Illuminate/Routing/Route.php:757
[14-Apr-2018 14:28:10 UTC] PHP  29. Illuminate\Routing\Route->getController() /var/www/html/vendor/laravel/framework/src/Illuminate/Routing/Route.php:796
[14-Apr-2018 14:28:10 UTC] PHP  30. Illuminate\Foundation\Application->make() /var/www/html/vendor/laravel/framework/src/Illuminate/Routing/Route.php:226
[14-Apr-2018 14:28:10 UTC] PHP  31. Illuminate\Foundation\Application->make() /var/www/html/vendor/laravel/framework/src/Illuminate/Foundation/Application.php:734
[14-Apr-2018 14:28:10 UTC] PHP  32. Illuminate\Foundation\Application->resolve() /var/www/html/vendor/laravel/framework/src/Illuminate/Container/Container.php:601
[14-Apr-2018 14:28:10 UTC] PHP  33. Illuminate\Foundation\Application->build() /var/www/html/vendor/laravel/framework/src/Illuminate/Container/Container.php:646
[14-Apr-2018 14:28:10 UTC] PHP  34. ReflectionClass->__construct() /var/www/html/vendor/laravel/framework/src/Illuminate/Container/Container.php:767
[14-Apr-2018 14:28:10 UTC] PHP  35. spl_autoload_call() /var/www/html/vendor/laravel/framework/src/Illuminate/Container/Container.php:767
[14-Apr-2018 14:28:10 UTC] PHP  36. Composer\Autoload\ClassLoader->loadClass() /var/www/html/vendor/laravel/framework/src/Illuminate/Container/Container.php:767
[14-Apr-2018 14:28:10 UTC] PHP  37. Composer\Autoload\includeFile() /var/www/html/vendor/composer/ClassLoader.php:322
[14-Apr-2018 14:28:10 UTC] PHP  38. include() /var/www/html/vendor/composer/ClassLoader.php:444
